TN:
SF:src\app\admin\archivos\actions.ts
FN:7,cleanText
FN:11,getCurrentAdmin
FN:28,deleteAdminAttachmentAction
FNF:3
FNH:0
FNDA:0,cleanText
FNDA:0,getCurrentAdmin
FNDA:0,deleteAdminAttachmentAction
DA:1,0
DA:8,0
DA:14,0
DA:16,0
DA:18,0
DA:24,0
DA:25,0
DA:29,0
DA:30,0
DA:31,0
DA:33,0
DA:34,0
DA:35,0
DA:37,0
DA:43,0
DA:45,0
DA:46,0
DA:49,0
DA:51,0
DA:64,0
DA:65,0
DA:66,0
DA:67,0
DA:69,0
LF:24
LH:0
BRDA:8,0,0,0
BRDA:8,0,1,0
BRDA:16,1,0,0
BRDA:16,1,1,0
BRDA:24,2,0,0
BRDA:24,2,1,0
BRDA:31,3,0,0
BRDA:31,3,1,0
BRDA:34,4,0,0
BRDA:34,4,1,0
BRDA:35,5,0,0
BRDA:35,5,1,0
BRDA:43,6,0,0
BRDA:43,6,1,0
BRDA:43,7,0,0
BRDA:43,7,1,0
BRDA:45,8,0,0
BRDA:45,8,1,0
BRDA:69,9,0,0
BRDA:69,9,1,0
BRF:20
BRH:0
end_of_record
TN:
SF:src\app\admin\configuracion\actions.ts
FN:7,cleanText
FN:11,cleanInteger
FN:17,saveOperationsSettingsAction
FNF:3
FNH:0
FNDA:0,cleanText
FNDA:0,cleanInteger
FNDA:0,saveOperationsSettingsAction
DA:1,0
DA:8,0
DA:12,0
DA:13,0
DA:14,0
DA:18,0
DA:22,0
DA:24,0
DA:26,0
DA:27,0
DA:29,0
DA:37,0
DA:43,0
DA:51,0
DA:52,0
DA:53,0
DA:54,0
LF:17
LH:0
BRDA:8,0,0,0
BRDA:8,0,1,0
BRDA:13,1,0,0
BRDA:13,1,1,0
BRDA:24,2,0,0
BRDA:24,2,1,0
BRDA:27,3,0,0
BRDA:27,3,1,0
BRF:8
BRH:0
end_of_record
TN:
SF:src\app\admin\pagos\actions.ts
FN:7,cleanText
FN:11,saveBankAccountAction
FNF:2
FNH:0
FNDA:0,cleanText
FNDA:0,saveBankAccountAction
DA:1,0
DA:8,0
DA:12,0
DA:16,0
DA:18,0
DA:20,0
DA:21,0
DA:22,0
DA:23,0
DA:25,0
DA:27,0
DA:28,0
DA:38,0
DA:47,0
DA:48,0
DA:49,0
LF:16
LH:0
BRDA:8,0,0,0
BRDA:8,0,1,0
BRDA:18,1,0,0
BRDA:18,1,1,0
BRDA:25,2,0,0
BRDA:25,2,1,0
BRDA:25,3,0,0
BRDA:25,3,1,0
BRDA:25,3,2,0
BRDA:27,4,0,0
BRDA:27,4,1,0
BRF:11
BRH:0
end_of_record
TN:
SF:src\app\admin\produccion\actions.ts
FN:7,cleanText
FN:11,cleanInteger
FN:17,cleanBoolean
FN:21,getCurrentAdmin
FN:39,saveProductionSettingsAction
FN:72,cleanupReadNotificationsAction
FN:97,deleteAttachmentAction
FNF:7
FNH:0
FNDA:0,cleanText
FNDA:0,cleanInteger
FNDA:0,cleanBoolean
FNDA:0,getCurrentAdmin
FNDA:0,saveProductionSettingsAction
FNDA:0,cleanupReadNotificationsAction
FNDA:0,deleteAttachmentAction
DA:1,0
DA:8,0
DA:12,0
DA:13,0
DA:14,0
DA:18,0
DA:24,0
DA:26,0
DA:28,0
DA:34,0
DA:36,0
DA:40,0
DA:41,0
DA:42,0
DA:44,0
DA:53,0
DA:59,0
DA:67,0
DA:68,0
DA:69,0
DA:73,0
DA:74,0
DA:75,0
DA:77,0
DA:78,0
DA:82,0
DA:83,0
DA:92,0
DA:93,0
DA:94,0
DA:98,0
DA:99,0
DA:100,0
DA:102,0
DA:103,0
DA:105,0
DA:111,0
DA:113,0
DA:114,0
DA:117,0
DA:119,0
DA:131,0
DA:132,0
DA:133,0
DA:134,0
LF:45
LH:0
BRDA:8,0,0,0
BRDA:8,0,1,0
BRDA:13,1,0,0
BRDA:13,1,1,0
BRDA:26,2,0,0
BRDA:26,2,1,0
BRDA:34,3,0,0
BRDA:34,3,1,0
BRDA:34,4,0,0
BRDA:34,4,1,0
BRDA:42,5,0,0
BRDA:42,5,1,0
BRDA:75,6,0,0
BRDA:75,6,1,0
BRDA:82,7,0,0
BRDA:82,7,1,0
BRDA:88,8,0,0
BRDA:88,8,1,0
BRDA:94,9,0,0
BRDA:94,9,1,0
BRDA:100,10,0,0
BRDA:100,10,1,0
BRDA:103,11,0,0
BRDA:103,11,1,0
BRDA:111,12,0,0
BRDA:111,12,1,0
BRDA:113,13,0,0
BRDA:113,13,1,0
BRF:28
BRH:0
end_of_record
TN:
SF:src\app\admin\usuarios\[id]\actions.ts
FN:9,cleanText
FN:13,updateUserRoleAction
FNF:2
FNH:0
FNDA:0,cleanText
FNDA:0,updateUserRoleAction
DA:1,0
DA:7,0
DA:10,0
DA:14,0
DA:15,0
DA:16,0
DA:18,0
DA:22,0
DA:24,0
DA:26,0
DA:32,0
DA:34,0
DA:35,0
DA:38,0
DA:44,0
DA:46,0
DA:51,0
DA:59,0
DA:65,0
DA:66,0
DA:67,0
LF:21
LH:0
BRDA:10,0,0,0
BRDA:10,0,1,0
BRDA:18,1,0,0
BRDA:18,1,1,0
BRDA:18,2,0,0
BRDA:18,2,1,0
BRDA:24,3,0,0
BRDA:24,3,1,0
BRDA:32,4,0,0
BRDA:32,4,1,0
BRDA:34,5,0,0
BRDA:34,5,1,0
BRDA:34,6,0,0
BRDA:34,6,1,0
BRDA:44,7,0,0
BRDA:44,7,1,0
BRDA:62,8,0,0
BRDA:62,8,1,0
BRF:18
BRH:0
end_of_record
TN:
SF:src\app\admin\vuelos\[id]\actions.ts
FN:21,cleanText
FN:25,cleanPercent
FN:31,cleanMoney
FN:38,cleanFinancialStatus
FN:43,formatMXN
FN:47,getStatusMessage
FN:60,getCurrentAdmin
FN:78,getFlight
FN:88,revalidateFlight
FN:103,updateFlightStatusAction
FN:156,sendBankAccountAction
FN:234,confirmPaymentAction
FN:279,uploadQrAction
FN:282,(anonymous_13)
FN:356,updateFinancialsAction
FN:408,addInternalNoteAction
FN:440,uploadInternalFilesAction
FN:443,(anonymous_17)
FNF:18
FNH:0
FNDA:0,cleanText
FNDA:0,cleanPercent
FNDA:0,cleanMoney
FNDA:0,cleanFinancialStatus
FNDA:0,formatMXN
FNDA:0,getStatusMessage
FNDA:0,getCurrentAdmin
FNDA:0,getFlight
FNDA:0,revalidateFlight
FNDA:0,updateFlightStatusAction
FNDA:0,sendBankAccountAction
FNDA:0,confirmPaymentAction
FNDA:0,uploadQrAction
FNDA:0,(anonymous_13)
FNDA:0,updateFinancialsAction
FNDA:0,addInternalNoteAction
FNDA:0,uploadInternalFilesAction
FNDA:0,(anonymous_17)
DA:1,0
DA:10,0
DA:22,0
DA:26,0
DA:27,0
DA:28,0
DA:32,0
DA:33,0
DA:34,0
DA:35,0
DA:39,0
DA:40,0
DA:44,0
DA:48,0
DA:57,0
DA:63,0
DA:65,0
DA:67,0
DA:73,0
DA:75,0
DA:79,0
DA:85,0
DA:89,0
DA:90,0
DA:91,0
DA:92,0
DA:93,0
DA:94,0
DA:95,0
DA:96,0
DA:97,0
DA:98,0
DA:99,0
DA:100,0
DA:104,0
DA:107,0
DA:112,0
DA:114,0
DA:116,0
DA:117,0
DA:119,0
DA:120,0
DA:122,0
DA:127,0
DA:128,0
DA:129,0
DA:136,0
DA:144,0
DA:152,0
DA:153,0
DA:157,0
DA:159,0
DA:166,0
DA:168,0
DA:170,0
DA:171,0
DA:173,0
DA:174,0
DA:176,0
DA:177,0
DA:178,0
DA:180,0
DA:187,0
DA:189,0
DA:201,0
DA:209,0
DA:215,0
DA:222,0
DA:230,0
DA:231,0
DA:235,0
DA:236,0
DA:238,0
DA:240,0
DA:241,0
DA:243,0
DA:244,0
DA:246,0
DA:251,0
DA:253,0
DA:261,0
DA:268,0
DA:275,0
DA:276,0
DA:280,0
DA:281,0
DA:282,0
DA:284,0
DA:286,0
DA:287,0
DA:289,0
DA:290,0
DA:292,0
DA:294,0
DA:295,0
DA:297,0
DA:298,0
DA:299,0
DA:301,0
DA:302,0
DA:308,0
DA:309,0
DA:310,0
DA:321,0
DA:322,0
DA:327,0
DA:335,0
DA:342,0
DA:351,0
DA:352,0
DA:357,0
DA:358,0
DA:360,0
DA:362,0
DA:363,0
DA:365,0
DA:366,0
DA:368,0
DA:369,0
DA:370,0
DA:371,0
DA:372,0
DA:373,0
DA:375,0
DA:388,0
DA:401,0
DA:402,0
DA:403,0
DA:404,0
DA:409,0
DA:410,0
DA:411,0
DA:413,0
DA:415,0
DA:416,0
DA:418,0
DA:419,0
DA:421,0
DA:423,0
DA:429,0
DA:436,0
DA:437,0
DA:441,0
DA:442,0
DA:443,0
DA:445,0
DA:447,0
DA:448,0
DA:450,0
DA:451,0
DA:453,0
DA:455,0
DA:456,0
DA:458,0
DA:459,0
DA:460,0
DA:462,0
DA:463,0
DA:469,0
DA:470,0
DA:471,0
DA:482,0
DA:483,0
DA:491,0
DA:492,0
DA:493,0
LF:166
LH:0
BRDA:22,0,0,0
BRDA:22,0,1,0
BRDA:28,1,0,0
BRDA:28,1,1,0
BRDA:34,2,0,0
BRDA:34,2,1,0
BRDA:34,3,0,0
BRDA:34,3,1,0
BRDA:40,4,0,0
BRDA:40,4,1,0
BRDA:44,5,0,0
BRDA:44,5,1,0
BRDA:57,6,0,0
BRDA:57,6,1,0
BRDA:65,7,0,0
BRDA:65,7,1,0
BRDA:73,8,0,0
BRDA:73,8,1,0
BRDA:73,9,0,0
BRDA:73,9,1,0
BRDA:112,10,0,0
BRDA:112,10,1,0
BRDA:117,11,0,0
BRDA:117,11,1,0
BRDA:120,12,0,0
BRDA:120,12,1,0
BRDA:127,13,0,0
BRDA:127,13,1,0
BRDA:163,14,0,0
BRDA:163,14,1,0
BRDA:166,15,0,0
BRDA:166,15,1,0
BRDA:171,16,0,0
BRDA:171,16,1,0
BRDA:174,17,0,0
BRDA:174,17,1,0
BRDA:176,18,0,0
BRDA:176,18,1,0
BRDA:187,19,0,0
BRDA:187,19,1,0
BRDA:196,20,0,0
BRDA:196,20,1,0
BRDA:198,21,0,0
BRDA:198,21,1,0
BRDA:238,22,0,0
BRDA:238,22,1,0
BRDA:241,23,0,0
BRDA:241,23,1,0
BRDA:244,24,0,0
BRDA:244,24,1,0
BRDA:282,25,0,0
BRDA:282,25,1,0
BRDA:284,26,0,0
BRDA:284,26,1,0
BRDA:287,27,0,0
BRDA:287,27,1,0
BRDA:290,28,0,0
BRDA:290,28,1,0
BRDA:292,29,0,0
BRDA:292,29,1,0
BRDA:298,30,0,0
BRDA:298,30,1,0
BRDA:299,31,0,0
BRDA:299,31,1,0
BRDA:308,32,0,0
BRDA:308,32,1,0
BRDA:321,33,0,0
BRDA:321,33,1,0
BRDA:360,34,0,0
BRDA:360,34,1,0
BRDA:363,35,0,0
BRDA:363,35,1,0
BRDA:366,36,0,0
BRDA:366,36,1,0
BRDA:372,37,0,0
BRDA:372,37,1,0
BRDA:372,37,2,0
BRDA:382,38,0,0
BRDA:382,38,1,0
BRDA:413,39,0,0
BRDA:413,39,1,0
BRDA:416,40,0,0
BRDA:416,40,1,0
BRDA:419,41,0,0
BRDA:419,41,1,0
BRDA:421,42,0,0
BRDA:421,42,1,0
BRDA:443,43,0,0
BRDA:443,43,1,0
BRDA:445,44,0,0
BRDA:445,44,1,0
BRDA:448,45,0,0
BRDA:448,45,1,0
BRDA:451,46,0,0
BRDA:451,46,1,0
BRDA:453,47,0,0
BRDA:453,47,1,0
BRDA:459,48,0,0
BRDA:459,48,1,0
BRDA:460,49,0,0
BRDA:460,49,1,0
BRDA:460,50,0,0
BRDA:460,50,1,0
BRDA:469,51,0,0
BRDA:469,51,1,0
BRDA:482,52,0,0
BRDA:482,52,1,0
BRF:107
BRH:0
end_of_record
TN:
SF:src\app\forgot-password\actions.ts
FN:11,getSiteUrl
FN:15,requestPasswordResetAction
FNF:2
FNH:0
FNDA:0,getSiteUrl
FNDA:0,requestPasswordResetAction
DA:1,0
DA:12,0
DA:19,0
DA:21,0
DA:22,0
DA:25,0
DA:26,0
DA:28,0
DA:30,0
DA:32,0
DA:36,0
LF:11
LH:0
BRDA:12,0,0,0
BRDA:12,0,1,0
BRDA:19,1,0,0
BRDA:19,1,1,0
BRDA:21,2,0,0
BRDA:21,2,1,0
BRDA:30,3,0,0
BRDA:30,3,1,0
BRF:8
BRH:0
end_of_record
TN:
SF:src\app\login\actions.ts
FN:10,loginAction
FNF:1
FNH:0
FNDA:0,loginAction
DA:1,0
DA:14,0
DA:15,0
DA:17,0
DA:18,0
DA:21,0
DA:22,0
DA:24,0
DA:26,0
DA:29,0
DA:30,0
DA:36,0
LF:12
LH:0
BRDA:14,0,0,0
BRDA:14,0,1,0
BRDA:15,1,0,0
BRDA:15,1,1,0
BRDA:17,2,0,0
BRDA:17,2,1,0
BRDA:17,3,0,0
BRDA:17,3,1,0
BRDA:24,4,0,0
BRDA:24,4,1,0
BRDA:36,5,0,0
BRDA:36,5,1,0
BRF:12
BRH:0
end_of_record
TN:
SF:src\app\logout\actions.ts
FN:6,logoutAction
FNF:1
FNH:0
FNDA:0,logoutAction
DA:1,0
DA:7,0
DA:8,0
DA:9,0
LF:4
LH:0
BRF:0
BRH:0
end_of_record
TN:
SF:src\app\notifications\actions.ts
FN:7,cleanText
FN:11,getCurrentUserId
FN:20,revalidateNotifications
FN:27,markNotificationReadAction
FN:53,markNotificationGroupReadAction
FN:56,(anonymous_5)
FN:83,markAllNotificationsReadAction
FNF:7
FNH:0
FNDA:0,cleanText
FNDA:0,getCurrentUserId
FNDA:0,revalidateNotifications
FNDA:0,markNotificationReadAction
FNDA:0,markNotificationGroupReadAction
FNDA:0,(anonymous_5)
FNDA:0,markAllNotificationsReadAction
DA:1,0
DA:8,0
DA:12,0
DA:15,0
DA:17,0
DA:21,0
DA:22,0
DA:23,0
DA:24,0
DA:28,0
DA:29,0
DA:31,0
DA:33,0
DA:34,0
DA:36,0
DA:42,0
DA:49,0
DA:50,0
DA:54,0
DA:56,0
DA:58,0
DA:60,0
DA:62,0
DA:63,0
DA:65,0
DA:71,0
DA:79,0
DA:80,0
DA:84,0
DA:85,0
DA:87,0
DA:89,0
DA:95,0
DA:102,0
DA:103,0
LF:35
LH:0
BRDA:8,0,0,0
BRDA:8,0,1,0
BRDA:17,1,0,0
BRDA:17,1,1,0
BRDA:29,2,0,0
BRDA:29,2,1,0
BRDA:31,3,0,0
BRDA:31,3,1,0
BRDA:34,4,0,0
BRDA:34,4,1,0
BRDA:58,5,0,0
BRDA:58,5,1,0
BRDA:60,6,0,0
BRDA:60,6,1,0
BRDA:63,7,0,0
BRDA:63,7,1,0
BRDA:84,8,0,0
BRDA:84,8,1,0
BRDA:87,9,0,0
BRDA:87,9,1,0
BRF:20
BRH:0
end_of_record
TN:
SF:src\app\profile\actions.ts
FN:7,cleanText
FN:11,safeReturnTo
FN:16,updateOwnProfileAction
FNF:3
FNH:0
FNDA:0,cleanText
FNDA:0,safeReturnTo
FNDA:0,updateOwnProfileAction
DA:1,0
DA:8,0
DA:12,0
DA:13,0
DA:17,0
DA:18,0
DA:19,0
DA:20,0
DA:22,0
DA:23,0
DA:26,0
DA:30,0
DA:32,0
DA:34,0
DA:40,0
DA:41,0
DA:44,0
DA:45,0
DA:46,0
DA:47,0
DA:48,0
LF:21
LH:0
BRDA:8,0,0,0
BRDA:8,0,1,0
BRDA:12,1,0,0
BRDA:12,1,1,0
BRDA:12,2,0,0
BRDA:12,2,1,0
BRDA:22,3,0,0
BRDA:22,3,1,0
BRDA:32,4,0,0
BRDA:32,4,1,0
BRDA:40,5,0,0
BRDA:40,5,1,0
BRF:12
BRH:0
end_of_record
TN:
SF:src\app\register\actions.ts
FN:11,registerAction
FNF:1
FNH:0
FNDA:0,registerAction
DA:1,0
DA:15,0
DA:16,0
DA:17,0
DA:19,0
DA:20,0
DA:23,0
DA:24,0
DA:27,0
DA:29,0
DA:35,0
DA:39,0
DA:40,0
DA:43,0
DA:49,0
DA:51,0
DA:54,0
LF:17
LH:0
BRDA:15,0,0,0
BRDA:15,0,1,0
BRDA:16,1,0,0
BRDA:16,1,1,0
BRDA:17,2,0,0
BRDA:17,2,1,0
BRDA:19,3,0,0
BRDA:19,3,1,0
BRDA:19,4,0,0
BRDA:19,4,1,0
BRDA:19,4,2,0
BRDA:23,5,0,0
BRDA:23,5,1,0
BRDA:35,6,0,0
BRDA:35,6,1,0
BRDA:39,7,0,0
BRDA:39,7,1,0
BRDA:49,8,0,0
BRDA:49,8,1,0
BRF:19
BRH:0
end_of_record
TN:
SF:src\app\update-password\actions.ts
FN:6,updatePasswordAction
FNF:1
FNH:0
FNDA:0,updatePasswordAction
DA:1,0
DA:7,0
DA:8,0
DA:10,0
DA:11,0
DA:14,0
DA:15,0
DA:18,0
DA:22,0
DA:24,0
DA:25,0
DA:28,0
DA:30,0
DA:31,0
DA:34,0
DA:35,0
LF:16
LH:0
BRDA:7,0,0,0
BRDA:7,0,1,0
BRDA:8,1,0,0
BRDA:8,1,1,0
BRDA:10,2,0,0
BRDA:10,2,1,0
BRDA:14,3,0,0
BRDA:14,3,1,0
BRDA:24,4,0,0
BRDA:24,4,1,0
BRDA:30,5,0,0
BRDA:30,5,1,0
BRF:12
BRH:0
end_of_record
TN:
SF:src\app\user\vuelos\[id]\actions.ts
FN:10,cleanText
FN:14,revalidateFlight
FN:25,uploadPaymentProofAction
FN:102,cancelUserFlightAction
FNF:4
FNH:0
FNDA:0,cleanText
FNDA:0,revalidateFlight
FNDA:0,uploadPaymentProofAction
FNDA:0,cancelUserFlightAction
DA:1,0
DA:11,0
DA:15,0
DA:16,0
DA:17,0
DA:18,0
DA:19,0
DA:20,0
DA:21,0
DA:22,0
DA:26,0
DA:27,0
DA:28,0
DA:30,0
DA:34,0
DA:36,0
DA:38,0
DA:44,0
DA:46,0
DA:47,0
DA:48,0
DA:50,0
DA:52,0
DA:58,0
DA:60,0
DA:69,0
DA:74,0
DA:82,0
DA:89,0
DA:96,0
DA:97,0
DA:99,0
DA:103,0
DA:104,0
DA:105,0
DA:107,0
DA:111,0
DA:113,0
DA:115,0
DA:120,0
DA:122,0
DA:123,0
DA:126,0
DA:133,0
DA:140,0
LF:45
LH:0
BRDA:11,0,0,0
BRDA:11,0,1,0
BRDA:30,1,0,0
BRDA:30,1,1,0
BRDA:36,2,0,0
BRDA:36,2,1,0
BRDA:44,3,0,0
BRDA:44,3,1,0
BRDA:44,4,0,0
BRDA:44,4,1,0
BRDA:46,5,0,0
BRDA:46,5,1,0
BRDA:46,6,0,0
BRDA:46,6,1,0
BRDA:47,7,0,0
BRDA:47,7,1,0
BRDA:48,8,0,0
BRDA:48,8,1,0
BRDA:58,9,0,0
BRDA:58,9,1,0
BRDA:107,10,0,0
BRDA:107,10,1,0
BRDA:113,11,0,0
BRDA:113,11,1,0
BRDA:122,12,0,0
BRDA:122,12,1,0
BRDA:129,13,0,0
BRDA:129,13,1,0
BRDA:137,14,0,0
BRDA:137,14,1,0
BRF:30
BRH:0
end_of_record
TN:
SF:src\app\user\vuelos\[id]\editar\actions.ts
FN:14,cleanText
FN:18,cleanMoney
FN:24,cleanInteger
FN:29,revalidateFlight
FN:41,updateUserFlightAction
FN:65,(anonymous_5)
FN:66,(anonymous_6)
FN:67,(anonymous_7)
FN:68,(anonymous_8)
FN:69,(anonymous_9)
FN:72,(anonymous_10)
FN:79,(anonymous_11)
FNF:12
FNH:0
FNDA:0,cleanText
FNDA:0,cleanMoney
FNDA:0,cleanInteger
FNDA:0,revalidateFlight
FNDA:0,updateUserFlightAction
FNDA:0,(anonymous_5)
FNDA:0,(anonymous_6)
FNDA:0,(anonymous_7)
FNDA:0,(anonymous_8)
FNDA:0,(anonymous_9)
FNDA:0,(anonymous_10)
FNDA:0,(anonymous_11)
DA:1,0
DA:15,0
DA:19,0
DA:20,0
DA:21,0
DA:25,0
DA:26,0
DA:30,0
DA:31,0
DA:32,0
DA:33,0
DA:34,0
DA:35,0
DA:36,0
DA:37,0
DA:38,0
DA:45,0
DA:49,0
DA:51,0
DA:53,0
DA:54,0
DA:55,0
DA:56,0
DA:57,0
DA:58,0
DA:59,0
DA:60,0
DA:61,0
DA:63,0
DA:65,0
DA:66,0
DA:67,0
DA:68,0
DA:69,0
DA:71,0
DA:72,0
DA:79,0
DA:81,0
DA:89,0
DA:90,0
DA:93,0
DA:94,0
DA:97,0
DA:98,0
DA:101,0
DA:102,0
DA:105,0
DA:106,0
DA:108,0
DA:109,0
DA:110,0
DA:113,0
DA:114,0
DA:115,0
DA:118,0
DA:119,0
DA:125,0
DA:128,0
DA:142,0
DA:143,0
DA:144,0
DA:147,0
DA:148,0
DA:158,0
DA:164,0
DA:171,0
DA:178,0
DA:179,0
LF:68
LH:0
BRDA:15,0,0,0
BRDA:15,0,1,0
BRDA:21,1,0,0
BRDA:21,1,1,0
BRDA:26,2,0,0
BRDA:26,2,1,0
BRDA:51,3,0,0
BRDA:51,3,1,0
BRDA:54,4,0,0
BRDA:54,4,1,0
BRDA:57,5,0,0
BRDA:57,5,1,0
BRDA:58,6,0,0
BRDA:58,6,1,0
BRDA:63,7,0,0
BRDA:63,7,1,0
BRDA:74,8,0,0
BRDA:74,8,1,0
BRDA:75,9,0,0
BRDA:75,9,1,0
BRDA:76,10,0,0
BRDA:76,10,1,0
BRDA:77,11,0,0
BRDA:77,11,1,0
BRDA:89,12,0,0
BRDA:89,12,1,0
BRDA:89,13,0,0
BRDA:89,13,1,0
BRDA:89,13,2,0
BRDA:93,14,0,0
BRDA:93,14,1,0
BRDA:93,15,0,0
BRDA:93,15,1,0
BRDA:93,15,2,0
BRDA:97,16,0,0
BRDA:97,16,1,0
BRDA:97,17,0,0
BRDA:97,17,1,0
BRDA:101,18,0,0
BRDA:101,18,1,0
BRDA:108,19,0,0
BRDA:108,19,1,0
BRDA:108,20,0,0
BRDA:108,20,1,0
BRDA:109,21,0,0
BRDA:109,21,1,0
BRDA:114,22,0,0
BRDA:114,22,1,0
BRDA:125,23,0,0
BRDA:125,23,1,0
BRDA:133,24,0,0
BRDA:133,24,1,0
BRDA:134,25,0,0
BRDA:134,25,1,0
BRDA:142,26,0,0
BRDA:142,26,1,0
BRDA:143,27,0,0
BRDA:143,27,1,0
BRDA:144,28,0,0
BRDA:144,28,1,0
BRDA:147,29,0,0
BRDA:147,29,1,0
BRDA:147,30,0,0
BRDA:147,30,1,0
BRDA:167,31,0,0
BRDA:167,31,1,0
BRF:66
BRH:0
end_of_record
TN:
SF:src\app\user\vuelos\nuevo\actions.ts
FN:14,createFlightAction
FN:46,(anonymous_1)
FN:47,(anonymous_2)
FN:48,(anonymous_3)
FN:49,(anonymous_4)
FN:50,(anonymous_5)
FN:53,(anonymous_6)
FNF:7
FNH:0
FNDA:0,createFlightAction
FNDA:0,(anonymous_1)
FNDA:0,(anonymous_2)
FNDA:0,(anonymous_3)
FNDA:0,(anonymous_4)
FNDA:0,(anonymous_5)
FNDA:0,(anonymous_6)
DA:1,0
DA:18,0
DA:20,0
DA:21,0
DA:24,0
DA:39,0
DA:40,0
DA:43,0
DA:46,0
DA:47,0
DA:48,0
DA:49,0
DA:50,0
DA:52,0
DA:54,0
DA:61,0
DA:64,0
DA:65,0
DA:69,0
DA:70,0
DA:71,0
DA:72,0
DA:74,0
DA:76,0
DA:80,0
DA:82,0
DA:90,0
DA:111,0
DA:112,0
DA:113,0
DA:116,0
DA:125,0
DA:131,0
DA:145,0
DA:152,0
DA:159,0
DA:160,0
DA:161,0
DA:162,0
DA:164,0
LF:40
LH:0
BRDA:21,0,0,0
BRDA:21,0,1,0
BRDA:28,1,0,0
BRDA:28,1,1,0
BRDA:29,2,0,0
BRDA:29,2,1,0
BRDA:32,3,0,0
BRDA:32,3,1,0
BRDA:33,4,0,0
BRDA:33,4,1,0
BRDA:34,5,0,0
BRDA:34,5,1,0
BRDA:35,6,0,0
BRDA:35,6,1,0
BRDA:36,7,0,0
BRDA:36,7,1,0
BRDA:39,8,0,0
BRDA:39,8,1,0
BRDA:40,9,0,0
BRDA:40,9,1,0
BRDA:56,10,0,0
BRDA:56,10,1,0
BRDA:57,11,0,0
BRDA:57,11,1,0
BRDA:58,12,0,0
BRDA:58,12,1,0
BRDA:59,13,0,0
BRDA:59,13,1,0
BRDA:61,14,0,0
BRDA:61,14,1,0
BRDA:64,15,0,0
BRDA:64,15,1,0
BRDA:70,16,0,0
BRDA:70,16,1,0
BRDA:70,17,0,0
BRDA:70,17,1,0
BRDA:71,18,0,0
BRDA:71,18,1,0
BRDA:72,19,0,0
BRDA:72,19,1,0
BRDA:80,20,0,0
BRDA:80,20,1,0
BRDA:97,21,0,0
BRDA:97,21,1,0
BRDA:98,22,0,0
BRDA:98,22,1,0
BRDA:111,23,0,0
BRDA:111,23,1,0
BRDA:111,24,0,0
BRDA:111,24,1,0
BRDA:113,25,0,0
BRDA:113,25,1,0
BRDA:137,26,0,0
BRDA:137,26,1,0
BRDA:137,27,0,0
BRDA:137,27,1,0
BRDA:138,28,0,0
BRDA:138,28,1,0
BRDA:138,29,0,0
BRDA:138,29,1,0
BRDA:148,30,0,0
BRDA:148,30,1,0
BRF:62
BRH:0
end_of_record
TN:
SF:src\lib\flight-operations.ts
FN:41,getFlightStageIndex
FN:47,isFlightLockedForUser
FN:51,buildStatusNotification
FN:91,getAdminProfiles
FN:96,notifyAdmins
FN:102,(anonymous_5)
FN:103,(anonymous_6)
FN:113,notifyUser
FN:125,logFlightAction
FN:139,maybeNotifyUpcomingFlights
FN:184,buildFlightCreatedAdminMessage
FN:194,buildPaymentProofAdminMessage
FNF:12
FNH:0
FNDA:0,getFlightStageIndex
FNDA:0,isFlightLockedForUser
FNDA:0,buildStatusNotification
FNDA:0,getAdminProfiles
FNDA:0,notifyAdmins
FNDA:0,(anonymous_5)
FNDA:0,(anonymous_6)
FNDA:0,notifyUser
FNDA:0,logFlightAction
FNDA:0,maybeNotifyUpcomingFlights
FNDA:0,buildFlightCreatedAdminMessage
FNDA:0,buildPaymentProofAdminMessage
DA:5,0
DA:18,0
DA:29,0
DA:42,0
DA:43,0
DA:44,0
DA:48,0
DA:52,0
DA:87,0
DA:92,0
DA:93,0
DA:100,0
DA:101,0
DA:102,0
DA:103,0
DA:110,0
DA:117,0
DA:129,0
DA:144,0
DA:146,0
DA:147,0
DA:149,0
DA:150,0
DA:152,0
DA:153,0
DA:154,0
DA:156,0
DA:166,0
DA:168,0
DA:169,0
DA:175,0
DA:188,0
DA:189,0
DA:190,0
DA:197,0
LF:35
LH:0
BRDA:42,0,0,0
BRDA:42,0,1,0
BRDA:44,1,0,0
BRDA:44,1,1,0
BRDA:87,2,0,0
BRDA:87,2,1,0
BRDA:93,3,0,0
BRDA:93,3,1,0
BRDA:105,4,0,0
BRDA:105,4,1,0
BRDA:110,5,0,0
BRDA:110,5,1,0
BRDA:119,6,0,0
BRDA:119,6,1,0
BRDA:130,7,0,0
BRDA:130,7,1,0
BRDA:134,8,0,0
BRDA:134,8,1,0
BRDA:142,9,0,0
BRDA:144,10,0,0
BRDA:144,10,1,0
BRDA:150,11,0,0
BRDA:150,11,1,0
BRDA:150,12,0,0
BRDA:150,12,1,0
BRDA:150,12,2,0
BRDA:150,12,3,0
BRDA:154,13,0,0
BRDA:154,13,1,0
BRDA:154,14,0,0
BRDA:154,14,1,0
BRDA:166,15,0,0
BRDA:166,15,1,0
BRDA:188,16,0,0
BRDA:188,16,1,0
BRDA:189,17,0,0
BRDA:189,17,1,0
BRDA:189,17,2,0
BRF:38
BRH:0
end_of_record
TN:
SF:src\lib\schemas.ts
FN:7,(anonymous_0)
FN:13,(anonymous_1)
FN:53,(anonymous_2)
FN:90,(anonymous_3)
FN:128,(anonymous_4)
FN:132,(anonymous_5)
FNF:6
FNH:4
FNDA:9,(anonymous_0)
FNDA:27,(anonymous_1)
FNDA:9,(anonymous_2)
FNDA:3,(anonymous_3)
FNDA:0,(anonymous_4)
FNDA:0,(anonymous_5)
DA:5,1
DA:7,9
DA:10,1
DA:13,27
DA:16,1
DA:21,1
DA:28,1
DA:38,1
DA:55,9
DA:67,1
DA:85,1
DA:90,3
DA:103,1
DA:112,1
DA:124,1
DA:128,0
DA:132,0
LF:17
LH:15
BRDA:13,0,0,27
BRDA:13,0,1,0
BRDA:55,1,0,9
BRDA:55,1,1,2
BRDA:55,1,2,1
BRF:5
BRH:4
end_of_record
TN:
SF:src\lib\storage.ts
FN:1,slugFileName
FN:12,createSignedFlightFileUrl
FN:24,createSignedAttachmentUrls
FN:31,(anonymous_3)
FNF:4
FNH:0
FNDA:0,slugFileName
FNDA:0,createSignedFlightFileUrl
FNDA:0,createSignedAttachmentUrls
FNDA:0,(anonymous_3)
DA:2,0
DA:9,0
DA:13,0
DA:15,0
DA:19,0
DA:21,0
DA:28,0
DA:30,0
DA:31,0
LF:9
LH:0
BRDA:9,0,0,0
BRDA:9,0,1,0
BRDA:13,1,0,0
BRDA:13,1,1,0
BRDA:19,2,0,0
BRDA:19,2,1,0
BRDA:21,3,0,0
BRDA:21,3,1,0
BRDA:28,4,0,0
BRDA:28,4,1,0
BRF:10
BRH:0
end_of_record
TN:
SF:src\lib\styles.ts
FNF:0
FNH:0
DA:2,0
DA:5,0
DA:8,0
DA:11,0
DA:14,0
DA:17,0
DA:20,0
DA:23,0
DA:26,0
DA:28,0
DA:31,0
DA:34,0
LF:12
LH:0
BRF:0
BRH:0
end_of_record
TN:
SF:src\lib\types.ts
FNF:0
FNH:0
LF:0
LH:0
BRF:0
BRH:0
end_of_record
TN:
SF:src\lib\utils.ts
FN:4,cn
FN:8,formatCurrency
FN:16,formatDate
FN:25,formatDateTime
FN:36,getTodayISO
FN:40,addDaysISO
FN:46,firstDayOfCurrentMonth
FN:51,firstDayOfCurrentWeek
FN:58,flightTypeLabel
FN:62,formatTime
FN:67,asNumber
FN:72,roundMoney
FN:76,getAmountToPay
FN:82,getDiscountAmount
FN:86,getFlightProfit
FN:103,getCommissionAmount
FN:107,getProviderCostAmount
FN:111,formatPercent
FN:117,financialStatusLabel
FN:127,formatFlightRoute
FN:140,statusLabel
FN:155,actionLabel
FN:184,safeJsonPreview
FN:193,formatFlightFolio
FN:200,statusHelper
FN:217,normalizePassengers
FN:221,passengerSearchText
FN:223,(anonymous_27)
FN:227,csvEscape
FNF:29
FNH:6
FNDA:0,cn
FNDA:2,formatCurrency
FNDA:0,formatDate
FNDA:0,formatDateTime
FNDA:1,getTodayISO
FNDA:1,addDaysISO
FNDA:0,firstDayOfCurrentMonth
FNDA:0,firstDayOfCurrentWeek
FNDA:0,flightTypeLabel
FNDA:0,formatTime
FNDA:3,asNumber
FNDA:0,roundMoney
FNDA:2,getAmountToPay
FNDA:0,getDiscountAmount
FNDA:0,getFlightProfit
FNDA:0,getCommissionAmount
FNDA:0,getProviderCostAmount
FNDA:0,formatPercent
FNDA:0,financialStatusLabel
FNDA:0,formatFlightRoute
FNDA:0,statusLabel
FNDA:0,actionLabel
FNDA:0,safeJsonPreview
FNDA:3,formatFlightFolio
FNDA:0,statusHelper
FNDA:0,normalizePassengers
FNDA:0,passengerSearchText
FNDA:0,(anonymous_27)
FNDA:0,csvEscape
DA:5,0
DA:9,2
DA:10,2
DA:17,0
DA:18,0
DA:26,0
DA:27,0
DA:37,1
DA:41,1
DA:42,1
DA:43,1
DA:47,0
DA:48,0
DA:52,0
DA:53,0
DA:54,0
DA:55,0
DA:59,0
DA:63,0
DA:64,0
DA:68,3
DA:69,3
DA:73,0
DA:77,2
DA:78,2
DA:79,1
DA:83,0
DA:93,0
DA:94,0
DA:95,0
DA:98,0
DA:104,0
DA:108,0
DA:112,0
DA:113,0
DA:114,0
DA:118,0
DA:124,0
DA:134,0
DA:135,0
DA:136,0
DA:137,0
DA:141,0
DA:152,0
DA:156,0
DA:181,0
DA:185,0
DA:186,0
DA:187,0
DA:189,0
DA:194,3
DA:195,3
DA:196,2
DA:197,3
DA:201,0
DA:212,0
DA:218,0
DA:222,0
DA:223,0
DA:228,0
DA:229,0
DA:230,0
DA:232,0
LF:63
LH:15
BRDA:9,0,0,2
BRDA:9,0,1,0
BRDA:13,1,0,2
BRDA:13,1,1,0
BRDA:17,2,0,0
BRDA:17,2,1,0
BRDA:26,3,0,0
BRDA:26,3,1,0
BRDA:53,4,0,0
BRDA:53,4,1,0
BRDA:59,5,0,0
BRDA:59,5,1,0
BRDA:63,6,0,0
BRDA:63,6,1,0
BRDA:68,7,0,3
BRDA:68,7,1,1
BRDA:69,8,0,3
BRDA:69,8,1,0
BRDA:73,9,0,0
BRDA:73,9,1,0
BRDA:78,10,0,1
BRDA:78,10,1,1
BRDA:94,11,0,0
BRDA:94,11,1,0
BRDA:94,12,0,0
BRDA:94,12,1,0
BRDA:94,12,2,0
BRDA:112,13,0,0
BRDA:112,13,1,0
BRDA:113,14,0,0
BRDA:113,14,1,0
BRDA:124,15,0,0
BRDA:124,15,1,0
BRDA:124,16,0,0
BRDA:124,16,1,0
BRDA:135,17,0,0
BRDA:135,17,1,0
BRDA:152,18,0,0
BRDA:152,18,1,0
BRDA:181,19,0,0
BRDA:181,19,1,0
BRDA:185,20,0,0
BRDA:185,20,1,0
BRDA:185,21,0,0
BRDA:185,21,1,0
BRDA:194,22,0,3
BRDA:194,22,1,2
BRDA:195,23,0,1
BRDA:195,23,1,2
BRDA:196,24,0,2
BRDA:196,24,1,1
BRDA:197,25,0,1
BRDA:197,25,1,1
BRDA:212,26,0,0
BRDA:212,26,1,0
BRDA:218,27,0,0
BRDA:218,27,1,0
BRDA:228,28,0,0
BRDA:228,28,1,0
BRDA:229,29,0,0
BRDA:229,29,1,0
BRF:61
BRH:15
end_of_record
TN:
SF:src\lib\repositories\flights.repository.ts
FN:5,getUserFlights
FN:20,getUserFlightById
FN:37,getAllFlights
FN:50,getFlightById
FN:86,getUserFlightsFiltered
FNF:5
FNH:0
FNDA:0,getUserFlights
FNDA:0,getUserFlightById
FNDA:0,getAllFlights
FNDA:0,getFlightById
FNDA:0,getUserFlightsFiltered
DA:9,0
DA:15,0
DA:16,0
DA:25,0
DA:32,0
DA:33,0
DA:40,0
DA:45,0
DA:46,0
DA:54,0
DA:60,0
DA:61,0
DA:91,0
DA:98,0
DA:99,0
DA:101,0
DA:102,0
DA:104,0
DA:105,0
DA:106,0
LF:20
LH:0
BRDA:15,0,0,0
BRDA:15,0,1,0
BRDA:16,1,0,0
BRDA:16,1,1,0
BRDA:32,2,0,0
BRDA:32,2,1,0
BRDA:45,3,0,0
BRDA:45,3,1,0
BRDA:46,4,0,0
BRDA:46,4,1,0
BRDA:60,5,0,0
BRDA:60,5,1,0
BRDA:89,6,0,0
BRDA:98,7,0,0
BRDA:98,7,1,0
BRDA:98,8,0,0
BRDA:98,8,1,0
BRDA:101,9,0,0
BRDA:101,9,1,0
BRDA:102,10,0,0
BRDA:102,10,1,0
BRDA:105,11,0,0
BRDA:105,11,1,0
BRDA:106,12,0,0
BRDA:106,12,1,0
BRF:25
BRH:0
end_of_record
TN:
SF:src\lib\repositories\index.ts
FNF:0
FNH:0
LF:0
LH:0
BRF:0
BRH:0
end_of_record
TN:
SF:src\lib\repositories\notifications.repository.ts
FN:5,getUserNotifications
FN:20,getUnreadCount
FN:35,markAllAsRead
FNF:3
FNH:0
FNDA:0,getUserNotifications
FNDA:0,getUnreadCount
FNDA:0,markAllAsRead
DA:9,0
DA:15,0
DA:16,0
DA:24,0
DA:30,0
DA:31,0
DA:39,0
DA:45,0
LF:8
LH:0
BRDA:15,0,0,0
BRDA:15,0,1,0
BRDA:16,1,0,0
BRDA:16,1,1,0
BRDA:30,2,0,0
BRDA:30,2,1,0
BRDA:31,3,0,0
BRDA:31,3,1,0
BRDA:45,4,0,0
BRDA:45,4,1,0
BRF:10
BRH:0
end_of_record
TN:
SF:src\lib\repositories\profiles.repository.ts
FN:5,getMyProfile
FN:20,getAllProfiles
FN:33,getAdminProfiles
FNF:3
FNH:0
FNDA:0,getMyProfile
FNDA:0,getAllProfiles
FNDA:0,getAdminProfiles
DA:9,0
DA:15,0
DA:16,0
DA:23,0
DA:28,0
DA:29,0
DA:36,0
DA:41,0
DA:42,0
LF:9
LH:0
BRDA:15,0,0,0
BRDA:15,0,1,0
BRDA:28,1,0,0
BRDA:28,1,1,0
BRDA:29,2,0,0
BRDA:29,2,1,0
BRDA:41,3,0,0
BRDA:41,3,1,0
BRDA:42,4,0,0
BRDA:42,4,1,0
BRF:10
BRH:0
end_of_record
TN:
SF:src\lib\supabase\client.ts
FN:3,createClient
FNF:1
FNH:0
FNDA:0,createClient
DA:4,0
LF:1
LH:0
BRF:0
BRH:0
end_of_record
TN:
SF:src\lib\supabase\middleware.ts
FN:15,checkRateLimit
FN:30,updateSession
FN:38,getAll
FN:41,setAll
FN:42,(anonymous_4)
FN:44,(anonymous_5)
FN:57,(anonymous_6)
FN:58,(anonymous_7)
FN:59,(anonymous_8)
FNF:9
FNH:0
FNDA:0,checkRateLimit
FNDA:0,updateSession
FNDA:0,getAll
FNDA:0,setAll
FNDA:0,(anonymous_4)
FNDA:0,(anonymous_5)
FNDA:0,(anonymous_6)
FNDA:0,(anonymous_7)
FNDA:0,(anonymous_8)
DA:4,0
DA:5,0
DA:8,0
DA:11,0
DA:12,0
DA:13,0
DA:16,0
DA:17,0
DA:19,0
DA:20,0
DA:21,0
DA:24,0
DA:26,0
DA:27,0
DA:31,0
DA:33,0
DA:39,0
DA:42,0
DA:43,0
DA:44,0
DA:45,0
DA:54,0
DA:56,0
DA:57,0
DA:58,0
DA:59,0
DA:62,0
DA:63,0
DA:64,0
DA:65,0
DA:73,0
DA:74,0
DA:81,0
DA:82,0
DA:83,0
DA:84,0
DA:85,0
DA:88,0
DA:90,0
DA:96,0
DA:99,0
DA:100,0
DA:101,0
DA:102,0
DA:103,0
DA:107,0
DA:108,0
DA:109,0
DA:110,0
DA:111,0
DA:115,0
DA:116,0
DA:117,0
DA:118,0
DA:119,0
DA:122,0
LF:56
LH:0
BRDA:19,0,0,0
BRDA:19,0,1,0
BRDA:19,1,0,0
BRDA:19,1,1,0
BRDA:24,2,0,0
BRDA:24,2,1,0
BRDA:62,3,0,0
BRDA:62,3,1,0
BRDA:62,4,0,0
BRDA:62,4,1,0
BRDA:63,5,0,0
BRDA:63,5,1,0
BRDA:64,6,0,0
BRDA:64,6,1,0
BRDA:73,7,0,0
BRDA:73,7,1,0
BRDA:73,8,0,0
BRDA:73,8,1,0
BRDA:81,9,0,0
BRDA:81,9,1,0
BRDA:81,10,0,0
BRDA:81,10,1,0
BRDA:88,11,0,0
BRDA:88,11,1,0
BRDA:99,12,0,0
BRDA:99,12,1,0
BRDA:101,13,0,0
BRDA:101,13,1,0
BRDA:107,14,0,0
BRDA:107,14,1,0
BRDA:107,15,0,0
BRDA:107,15,1,0
BRDA:115,16,0,0
BRDA:115,16,1,0
BRDA:115,17,0,0
BRDA:115,17,1,0
BRF:36
BRH:0
end_of_record
TN:
SF:src\lib\supabase\server.ts
FN:4,createClient
FN:12,getAll
FN:15,setAll
FN:17,(anonymous_3)
FNF:4
FNH:0
FNDA:0,createClient
FNDA:0,getAll
FNDA:0,setAll
FNDA:0,(anonymous_3)
DA:5,0
DA:7,0
DA:13,0
DA:16,0
DA:17,0
DA:18,0
LF:6
LH:0
BRF:0
BRH:0
end_of_record
